2015/07/04 10:48:21 [error] [exception.CDbException] exception 'CDbException' with message 'CDbConnection failed to open the DB connection: SQLSTATE[28000] [1045] Access denied for user 'flywesam'@'localhost' (using password: YES)' in /framework/db/CDbConnection.php:382
Stack trace:
#0 /framework/db/CDbConnection.php(330): CDbConnection->open()
#1 /framework/db/CDbConnection.php(308): CDbConnection->setActive(true)
#2 /framework/base/CModule.php(387): CDbConnection->init()
#3 /framework/base/CApplication.php(450): CModule->getComponent('db')
#4 /framework/db/ar/CActiveRecord.php(634): CApplication->getDb()
#5 /framework/db/ar/CActiveRecord.php(667): CActiveRecord->getDbConnection()
#6 /framework/db/ar/CActiveRecord.php(1469): CActiveRecord->getCommandBuilder()
#7 /protected/client/controllers/SiteController.php(32): CActiveRecord->findAll()
#8 /framework/web/actions/CInlineAction.php(49): SiteController->actionIndex()
#9 /framework/web/CController.php(308): CInlineAction->runWithParams(Array)
#10 /framework/web/CController.php(286): CController->runAction(Object(CInlineAction))
#11 /framework/web/CController.php(265): CController->runActionWithFilters(Object(CInlineAction), Array)
#12 /framework/web/CWebApplication.php(282): CController->run('')
#13 /framework/web/CWebApplication.php(141): CWebApplication->runController('')
#14 /framework/base/CApplication.php(180): CWebApplication->processRequest()
#15 /index.php(35): CApplication->run()
#16 {main}
REQUEST_URI=/
---
2015/07/10 10:04:54 [error] [php] include(ToursActivities.php): failed to open stream: No such file or directory (D:\Ampps\www\wsc\framework\YiiBase.php:427)
Stack trace:
#0 D:\Ampps\www\wsc\protected\client\controllers\SiteController.php(32): spl_autoload_call()
#1 D:\Ampps\www\wsc\framework\web\actions\CInlineAction.php(49): SiteController->actionIndex()
#2 D:\Ampps\www\wsc\framework\web\CController.php(308): CInlineAction->runWithParams()
#3 D:\Ampps\www\wsc\framework\web\CController.php(286): SiteController->runAction()
#4 D:\Ampps\www\wsc\framework\web\CController.php(265): SiteController->runActionWithFilters()
#5 D:\Ampps\www\wsc\framework\web\CWebApplication.php(282): SiteController->run()
#6 D:\Ampps\www\wsc\framework\web\CWebApplication.php(141): CWebApplication->runController()
#7 D:\Ampps\www\wsc\framework\base\CApplication.php(180): CWebApplication->processRequest()
#8 D:\Ampps\www\wsc\index.php(15): CWebApplication->run()
REQUEST_URI=/wsc/
in D:\Ampps\www\wsc\protected\client\controllers\SiteController.php (32)
in D:\Ampps\www\wsc\index.php (15)
2016/06/09 06:21:20 [error] [exception.CHttpException.404] exception 'CHttpException' with message 'Unable to resolve the request "images/logo.png".' in D:\Ampps\www\newgen_wedding\framework\web\CWebApplication.php:286
Stack trace:
#0 D:\Ampps\www\newgen_wedding\framework\web\CWebApplication.php(141): CWebApplication->runController('images/logo.png')
#1 D:\Ampps\www\newgen_wedding\framework\base\CApplication.php(180): CWebApplication->processRequest()
#2 D:\Ampps\www\newgen_wedding\index.php(15): CApplication->run()
#3 {main}
REQUEST_URI=/newgen_wedding/images/logo.png
HTTP_REFERER=http://localhost/newgen_wedding/admin.php
---
2016/06/09 06:21:23 [error] [exception.CHttpException.404] exception 'CHttpException' with message 'Unable to resolve the request "images/logo.png".' in D:\Ampps\www\newgen_wedding\framework\web\CWebApplication.php:286
Stack trace:
#0 D:\Ampps\www\newgen_wedding\framework\web\CWebApplication.php(141): CWebApplication->runController('images/logo.png')
#1 D:\Ampps\www\newgen_wedding\framework\base\CApplication.php(180): CWebApplication->processRequest()
#2 D:\Ampps\www\newgen_wedding\index.php(15): CApplication->run()
#3 {main}
REQUEST_URI=/newgen_wedding/images/logo.png
HTTP_REFERER=http://localhost/newgen_wedding/admin.php/site/home
---
2016/06/09 06:35:38 [error] [exception.CHttpException.404] exception 'CHttpException' with message 'Unable to resolve the request "admin".' in D:\Ampps\www\newgen_wedding\framework\web\CWebApplication.php:286
Stack trace:
#0 D:\Ampps\www\newgen_wedding\framework\web\CWebApplication.php(141): CWebApplication->runController('admin')
#1 D:\Ampps\www\newgen_wedding\framework\base\CApplication.php(180): CWebApplication->processRequest()
#2 D:\Ampps\www\newgen_wedding\index.php(15): CApplication->run()
#3 {main}
REQUEST_URI=/newgen_wedding/index.php/admin
---
2016/06/09 06:38:38 [error] [exception.CHttpException.404] exception 'CHttpException' with message 'Unable to resolve the request "admin".' in D:\Ampps\www\newgen_wedding\framework\web\CWebApplication.php:286
Stack trace:
#0 D:\Ampps\www\newgen_wedding\framework\web\CWebApplication.php(141): CWebApplication->runController('admin')
#1 D:\Ampps\www\newgen_wedding\framework\base\CApplication.php(180): CWebApplication->processRequest()
#2 D:\Ampps\www\newgen_wedding\index.php(15): CApplication->run()
#3 {main}
REQUEST_URI=/newgen_wedding/index.php/admin
---
